0	1	mikroCdsPIC.exe -MSF -DBG -pP33EP256MC502 -DL -SSA -O11111114 -fo80 -N"C:\Users\milto\Milton\RSA\Git\Salud Estructural\SaludEstructuralCS\Firmware\NodoAcelerometro\dsPIC502_V2\NodoAcelerometro.mcpds" -SP"C:\Users\Public\Documents\Mikroelektronika\mikroC PRO for dsPIC\defs\" -SP"C:\Users\Public\Documents\Mikroelektronika\mikroC PRO for dsPIC\uses\" -SP"C:\Users\milto\Milton\RSA\Git\Salud Estructural\SaludEstructuralCS\Firmware\NodoAcelerometro\dsPIC502_V2\" -SP"C:\Users\milto\Milton\RSA\Git\Salud Estructural\SaludEstructuralCS\Firmware\NodoAcelerometro\dsPIC502_V3\" -SP"C:\Users\milto\Milton\RSA\Git\Salud Estructural\SaludEstructuralCS\Firmware\NodoAcelerometro\dsPIC502\" -SP"C:\Users\milto\Milton\RSA\Git\Salud Estructural\SaludEstructuralCS\Firmware\Librerias firmware\" -IP"C:\Users\milto\Milton\RSA\Git\Salud Estructural\SaludEstructuralCS\Firmware\Librerias firmware\" "NodoAcelerometro.c" "sdcard.c" "spiSD.c" "__Lib_Math.mcl" "__Lib_MathDouble.mcl" "__Lib_System.mcl" "__Lib_Delays.mcl" "__Lib_CType.mcl" "__Lib_CString.mcl" "__Lib_CStdlib.mcl" "__Lib_CMath.mcl" "__Lib_Conversions.mcl" "__Lib_SPI_12.mcl" "__Lib_UART_12_p24_p33.mcl"	 
warning: 0	1501	Specified search path does not exist: 'C:\Users\milto\Milton\RSA\Git\Salud Estructural\SaludEstructuralCS\Firmware\NodoAcelerometro\dsPIC502_V3'	 
diagnostics: 0	121	Loading...	 
diagnostics: 0	122	Compilation Started	adxl355_spi.c
warning: 163	1503	Result is not defined in function: ''	adxl355_spi.c
warning: 164	1503	Result is not defined in function: 'ADXL355_read_data'	adxl355_spi.c
warning: 186	1503	Result is not defined in function: ''	adxl355_spi.c
warning: 187	1503	Result is not defined in function: 'ADXL355_read_FIFO'	adxl355_spi.c
hint: 89	1163	Variable 'valueSet' has been declared, but not used	tiempo_rtc.c
hint: 627	1163	Variable 'contadorSector' has been declared, but not used	NodoAcelerometro.c
hint: 0	1004	interrupt handler (int_1 at 0x003C)	NodoAcelerometro.c
hint: 0	1004	interrupt handler (Timer1Int at 0x001A)	NodoAcelerometro.c
hint: 0	1004	interrupt handler (Timer2Int at 0x0022)	NodoAcelerometro.c
hint: 0	1004	interrupt handler (urx_1 at 0x002A)	NodoAcelerometro.c
diagnostics: 1149	123	Compiled Successfully	NodoAcelerometro.c
warning: 193	1519	Logical expression is always: 'True'	NodoAcelerometro.c
warning: 203	1519	Logical expression is always: 'False'	NodoAcelerometro.c
warning: 238	1519	Logical expression is always: 'False'	NodoAcelerometro.c
warning: 532	1512	variable 'sectorInicioSD' might not have been initialized	NodoAcelerometro.c
warning: 497	1512	variable 'primerSectorSD' might not have been initialized	NodoAcelerometro.c
warning: 585	1512	variable 'infoPSEC' might not have been initialized	NodoAcelerometro.c
warning: 586	1512	variable 'infoSA' might not have been initialized	NodoAcelerometro.c
hint: 138	1164	Variable 'value' has been eliminated by optimizer	NodoAcelerometro.c
hint: 150	1164	Variable 'muestra' has been eliminated by optimizer	NodoAcelerometro.c
hint: 168	1164	Variable 'add' has been eliminated by optimizer	NodoAcelerometro.c
hint: 77	1164	Variable 'value' has been eliminated by optimizer	NodoAcelerometro.c
hint: 130	1164	Variable 'valueRead' has been eliminated by optimizer	NodoAcelerometro.c
hint: 131	1164	Variable 'hora' has been eliminated by optimizer	NodoAcelerometro.c
hint: 160	1164	Variable 'valueRead' has been eliminated by optimizer	NodoAcelerometro.c
hint: 163	1164	Variable 'anio' has been eliminated by optimizer	NodoAcelerometro.c
hint: 192	1164	Variable 'fechaInc' has been eliminated by optimizer	NodoAcelerometro.c
hint: 22	1164	Variable 'ptrnumDatos' has been eliminated by optimizer	NodoAcelerometro.c
hint: 12	1164	Variable 'fechaRPi' has been eliminated by optimizer	NodoAcelerometro.c
hint: 23	1164	Variable 'horaRPi' has been eliminated by optimizer	NodoAcelerometro.c
diagnostics: 0	122	Compilation Started	spisd.h
diagnostics: 445	123	Compiled Successfully	sdcard.c
hint: 93	1164	Variable 'temp' has been eliminated by optimizer	sdcard.c
hint: 315	1164	Variable 'temp' has been eliminated by optimizer	sdcard.c
hint: 330	1164	Variable 'temp' has been eliminated by optimizer	sdcard.c
hint: 348	1164	Variable 'temp' has been eliminated by optimizer	sdcard.c
diagnostics: 0	122	Compilation Started	spisd.h
diagnostics: 49	123	Compiled Successfully	spiSD.c
diagnostics: 0	127	All files Compiled in 281 ms	 
hint: 0	1144	Used RX (bytes): 32 (100%)   Free RX (bytes): 0 (0%)	Used RX (bytes): 32 (100%)   Free RX (bytes): 0 (0%)
hint: 0	1144	Static RAM (bytes): 5996   Dynamic RAM (bytes): 22676	Static RAM (bytes): 5996   Dynamic RAM (bytes): 22676
hint: 0	1144	Used ROM (bytes): 8437 (5%)  Free ROM (bytes): 167671 (95%)	Used ROM (bytes): 8437 (5%)  Free ROM (bytes): 167671 (95%)
diagnostics: 0	125	Project Linked Successfully	NodoAcelerometro.mcpds
diagnostics: 0	128	Linked in 235 ms	 
diagnostics: 0	129	Project 'NodoAcelerometro.mcpds' completed: 672 ms	 
diagnostics: 0	103	Finished successfully: 23 oct. 2020, 23:56:08	NodoAcelerometro.mcpds
