0	1	mikroCdsPIC.exe -MSF -DBG -pP33EP256MC202 -DL -SSA -O11111114 -fo1 -N"C:\Users\milto\Milton\RSA\Git\Salud Estructural\SaludEstructuralCS\Firmware\Master\Master.mcpds" -SP"C:\Users\Public\Documents\Mikroelektronika\mikroC PRO for dsPIC\defs\" -SP"C:\Users\Public\Documents\Mikroelektronika\mikroC PRO for dsPIC\uses\" -SP"C:\Users\milto\Milton\RSA\Git\Salud Estructural\SaludEstructuralCS\Firmware\Master\" -SP"C:\Users\Ivan\Desktop\Milton Muñoz\Proyectos\Git\SaludEstructuralCS\Firmware\Master\" -IP"C:\Users\milto\Milton\RSA\Git\Salud Estructural\SaludEstructuralCS\Librerias firmware\" -IP"C:\Users\milto\Milton\RSA\Git\Salud Estructural\SaludEstructuralCS\Firmware\Librerias firmware\" "Master.c" "__Lib_Math.mcl" "__Lib_MathDouble.mcl" "__Lib_System.mcl" "__Lib_Delays.mcl" "__Lib_CType.mcl" "__Lib_CString.mcl" "__Lib_CStdlib.mcl" "__Lib_Conversions.mcl" "__Lib_SPI_12.mcl" "__Lib_UART_12_p24_p33.mcl"	 
warning: 0	1501	Specified search path does not exist: 'C:\Users\Ivan\Desktop\Milton Muñoz\Proyectos\Git\SaludEstructuralCS\Firmware\Master'	 
warning: 0	1502	Specified include path does not exist: 'C:\Users\milto\Milton\RSA\Git\Salud Estructural\SaludEstructuralCS\Librerias firmware'	 
diagnostics: 0	121	Loading...	 
hint: 51	1354	 warning: "/*" within comment     //*****************************************************************************************************************************************  recuperadas del RTC  validos  tos en la trama  eo	C:\Users\milto\Milton\RSA\Git\Salud Estructural\SaludEstructuralCS\Firmware\Master\Master.c
diagnostics: 0	122	Compilation Started	tiempo_rtc.c
hint: 87	1163	Variable 'valueSet' has been declared, but not used	tiempo_rtc.c
warning: 163	1503	Result is not defined in function: ''	adxl355_spi.c
warning: 164	1503	Result is not defined in function: 'ADXL355_read_data'	adxl355_spi.c
warning: 186	1503	Result is not defined in function: ''	adxl355_spi.c
warning: 187	1503	Result is not defined in function: 'ADXL355_read_FIFO'	adxl355_spi.c
hint: 0	1004	interrupt handler (spi_1 at 0x0028)	Master.c
hint: 0	1004	interrupt handler (int_1 at 0x003C)	Master.c
hint: 0	1004	interrupt handler (urx_1 at 0x002A)	Master.c
diagnostics: 507	123	Compiled Successfully	Master.c
warning: 134	1519	Logical expression is always: 'False'	Master.c
hint: 75	1164	Variable 'value' has been eliminated by optimizer	Master.c
hint: 128	1164	Variable 'valueRead' has been eliminated by optimizer	Master.c
hint: 129	1164	Variable 'hora' has been eliminated by optimizer	Master.c
hint: 157	1164	Variable 'valueRead' has been eliminated by optimizer	Master.c
hint: 64	1164	Variable 'fechaGPS' has been eliminated by optimizer	Master.c
hint: 95	1164	Variable 'horaGPS' has been eliminated by optimizer	Master.c
hint: 12	1164	Variable 'fechaRPi' has been eliminated by optimizer	Master.c
hint: 23	1164	Variable 'horaRPi' has been eliminated by optimizer	Master.c
hint: 138	1164	Variable 'value' has been eliminated by optimizer	Master.c
hint: 150	1164	Variable 'muestra' has been eliminated by optimizer	Master.c
hint: 168	1164	Variable 'add' has been eliminated by optimizer	Master.c
diagnostics: 0	127	All files Compiled in 172 ms	 
hint: 0	1144	Used RX (bytes): 32 (100%)   Free RX (bytes): 0 (0%)	Used RX (bytes): 32 (100%)   Free RX (bytes): 0 (0%)
hint: 0	1144	Static RAM (bytes): 2837   Dynamic RAM (bytes): 25834	Static RAM (bytes): 2837   Dynamic RAM (bytes): 25834
hint: 0	1144	Used ROM (bytes): 4690 (3%)  Free ROM (bytes): 171418 (97%)	Used ROM (bytes): 4690 (3%)  Free ROM (bytes): 171418 (97%)
diagnostics: 0	125	Project Linked Successfully	Master.mcpds
diagnostics: 0	128	Linked in 266 ms	 
diagnostics: 0	129	Project 'Master.mcpds' completed: 656 ms	 
diagnostics: 0	103	Finished successfully: 22 abr. 2020, 10:54:33	Master.mcpds
