0	1	mikroCdsPIC.exe -MSF -DBG -pP33EP256MC202 -DL -SSA -O11111114 -fo80 -N"C:\Users\milto\Milton\RSA\Git\Salud Estructural\SaludEstructuralCS\Firmware\NodoAcelerometro\dsPIC202\NodoAcelerometro.mcpds" -SP"C:\Users\Public\Documents\Mikroelektronika\mikroC PRO for dsPIC\defs\" -SP"C:\Users\Public\Documents\Mikroelektronika\mikroC PRO for dsPIC\uses\" -SP"C:\Users\milto\Milton\RSA\Git\Salud Estructural\SaludEstructuralCS\Firmware\NodoAcelerometro\dsPIC202\" -SP"C:\Users\milto\Milton\RSA\Git\Salud Estructural\SaludEstructuralCS\Firmware\Librerias firmware\" -IP"C:\Users\milto\Milton\RSA\Git\Salud Estructural\SaludEstructuralCS\Firmware\Librerias firmware\" "NodoAcelerometro.c" "sdcard.c" "spiSD.c" "__Lib_Math.mcl" "__Lib_MathDouble.mcl" "__Lib_System.mcl" "__Lib_Delays.mcl" "__Lib_CType.mcl" "__Lib_CString.mcl" "__Lib_CStdlib.mcl" "__Lib_CMath.mcl" "__Lib_Conversions.mcl" "__Lib_SPI_12.mcl" "__Lib_UART_12_p24_p33.mcl"	 
diagnostics: 0	121	Loading...	 
diagnostics: 0	122	Compilation Started	adxl355_spi.c
warning: 163	1503	Result is not defined in function: ''	adxl355_spi.c
warning: 164	1503	Result is not defined in function: 'ADXL355_read_data'	adxl355_spi.c
warning: 186	1503	Result is not defined in function: ''	adxl355_spi.c
warning: 187	1503	Result is not defined in function: 'ADXL355_read_FIFO'	adxl355_spi.c
hint: 89	1163	Variable 'valueSet' has been declared, but not used	tiempo_rtc.c
hint: 614	1163	Variable 'contadorSector' has been declared, but not used	NodoAcelerometro.c
hint: 0	1004	interrupt handler (int_1 at 0x003C)	NodoAcelerometro.c
hint: 0	1004	interrupt handler (Timer1Int at 0x001A)	NodoAcelerometro.c
hint: 0	1004	interrupt handler (Timer2Int at 0x0022)	NodoAcelerometro.c
hint: 0	1004	interrupt handler (urx_1 at 0x002A)	NodoAcelerometro.c
diagnostics: 1070	123	Compiled Successfully	NodoAcelerometro.c
warning: 192	1519	Logical expression is always: 'True'	NodoAcelerometro.c
warning: 237	1519	Logical expression is always: 'False'	NodoAcelerometro.c
warning: 490	1512	variable 'primerSectorSD' might not have been initialized	NodoAcelerometro.c
warning: 525	1512	variable 'sectorInicioSD' might not have been initialized	NodoAcelerometro.c
warning: 576	1512	variable 'infoPSEC' might not have been initialized	NodoAcelerometro.c
warning: 577	1512	variable 'infoSA' might not have been initialized	NodoAcelerometro.c
hint: 138	1164	Variable 'value' has been eliminated by optimizer	NodoAcelerometro.c
hint: 150	1164	Variable 'muestra' has been eliminated by optimizer	NodoAcelerometro.c
hint: 168	1164	Variable 'add' has been eliminated by optimizer	NodoAcelerometro.c
hint: 77	1164	Variable 'value' has been eliminated by optimizer	NodoAcelerometro.c
hint: 130	1164	Variable 'valueRead' has been eliminated by optimizer	NodoAcelerometro.c
hint: 131	1164	Variable 'hora' has been eliminated by optimizer	NodoAcelerometro.c
hint: 160	1164	Variable 'valueRead' has been eliminated by optimizer	NodoAcelerometro.c
hint: 163	1164	Variable 'anio' has been eliminated by optimizer	NodoAcelerometro.c
hint: 192	1164	Variable 'fechaInc' has been eliminated by optimizer	NodoAcelerometro.c
hint: 22	1164	Variable 'ptrnumDatos' has been eliminated by optimizer	NodoAcelerometro.c
hint: 12	1164	Variable 'fechaRPi' has been eliminated by optimizer	NodoAcelerometro.c
hint: 23	1164	Variable 'horaRPi' has been eliminated by optimizer	NodoAcelerometro.c
hint: 61	1354	 warning: The macro is redefined     #define SD_TIME_OUT 100     previously macro "SD_TIME_OUT" defined as: #define SD_TIME_OUT  2000 	C:\Users\milto\Milton\RSA\Git\Salud Estructural\SaludEstructuralCS\Firmware\Librerias firmware\sdcard.c
diagnostics: 0	122	Compilation Started	spisd.h
diagnostics: 445	123	Compiled Successfully	sdcard.c
hint: 93	1164	Variable 'temp' has been eliminated by optimizer	sdcard.c
hint: 315	1164	Variable 'temp' has been eliminated by optimizer	sdcard.c
hint: 330	1164	Variable 'temp' has been eliminated by optimizer	sdcard.c
hint: 348	1164	Variable 'temp' has been eliminated by optimizer	sdcard.c
diagnostics: 0	122	Compilation Started	spisd.h
diagnostics: 47	123	Compiled Successfully	spiSD.c
diagnostics: 0	127	All files Compiled in 359 ms	 
hint: 0	1144	Used RX (bytes): 32 (100%)   Free RX (bytes): 0 (0%)	Used RX (bytes): 32 (100%)   Free RX (bytes): 0 (0%)
hint: 0	1144	Static RAM (bytes): 5995   Dynamic RAM (bytes): 22676	Static RAM (bytes): 5995   Dynamic RAM (bytes): 22676
hint: 0	1144	Used ROM (bytes): 7913 (4%)  Free ROM (bytes): 168195 (96%)	Used ROM (bytes): 7913 (4%)  Free ROM (bytes): 168195 (96%)
diagnostics: 0	125	Project Linked Successfully	NodoAcelerometro.mcpds
diagnostics: 0	128	Linked in 282 ms	 
diagnostics: 0	129	Project 'NodoAcelerometro.mcpds' completed: 875 ms	 
diagnostics: 0	103	Finished successfully: 13 sep. 2020, 23:41:47	NodoAcelerometro.mcpds
