0	1	mikroCdsPIC.exe -MSF -DBG -pP33EP256MC202 -DL -SSA -O11111114 -fo80 -N"C:\Users\milto\Milton\RSA\Git\Salud Estructural\SaludEstructuralCS\Firmware\NodoAcelerometro\NodoAcelerometro.mcpds" -SP"C:\Users\Public\Documents\Mikroelektronika\mikroC PRO for dsPIC\defs\" -SP"C:\Users\Public\Documents\Mikroelektronika\mikroC PRO for dsPIC\uses\" -SP"C:\Users\milto\Milton\RSA\Git\Salud Estructural\SaludEstructuralCS\Firmware\NodoAcelerometro\" -SP"C:\Users\milto\Milton\RSA\Git\Salud Estructural\SaludEstructuralCS\Firmware\Librerias firmware\" -IP"C:\Users\milto\Milton\RSA\Git\Salud Estructural\SaludEstructuralCS\Firmware\Librerias firmware\" "NodoAcelerometro.c" "spiSD.c" "sdcard.c" "__Lib_Math.mcl" "__Lib_MathDouble.mcl" "__Lib_System.mcl" "__Lib_Delays.mcl" "__Lib_CType.mcl" "__Lib_CString.mcl" "__Lib_CStdlib.mcl" "__Lib_CMath.mcl" "__Lib_Conversions.mcl" "__Lib_SPI_12.mcl" "__Lib_UART_12_p24_p33.mcl"	 
diagnostics: 0	121	Loading...	 
diagnostics: 0	122	Compilation Started	adxl355_spi.c
warning: 163	1503	Result is not defined in function: ''	adxl355_spi.c
warning: 164	1503	Result is not defined in function: 'ADXL355_read_data'	adxl355_spi.c
warning: 186	1503	Result is not defined in function: ''	adxl355_spi.c
warning: 187	1503	Result is not defined in function: 'ADXL355_read_FIFO'	adxl355_spi.c
hint: 87	1163	Variable 'valueSet' has been declared, but not used	tiempo_rtc.c
hint: 0	1004	interrupt handler (int_1 at 0x003C)	NodoAcelerometro.c
hint: 0	1004	interrupt handler (Timer1Int at 0x001A)	NodoAcelerometro.c
hint: 0	1004	interrupt handler (urx_1 at 0x002A)	NodoAcelerometro.c
diagnostics: 557	123	Compiled Successfully	NodoAcelerometro.c
warning: 148	1519	Logical expression is always: 'False'	NodoAcelerometro.c
warning: 178	1519	Logical expression is always: 'False'	NodoAcelerometro.c
hint: 138	1164	Variable 'value' has been eliminated by optimizer	NodoAcelerometro.c
hint: 150	1164	Variable 'muestra' has been eliminated by optimizer	NodoAcelerometro.c
hint: 168	1164	Variable 'add' has been eliminated by optimizer	NodoAcelerometro.c
hint: 75	1164	Variable 'value' has been eliminated by optimizer	NodoAcelerometro.c
hint: 128	1164	Variable 'valueRead' has been eliminated by optimizer	NodoAcelerometro.c
hint: 129	1164	Variable 'hora' has been eliminated by optimizer	NodoAcelerometro.c
hint: 157	1164	Variable 'valueRead' has been eliminated by optimizer	NodoAcelerometro.c
diagnostics: 0	122	Compilation Started	spisd.h
diagnostics: 43	123	Compiled Successfully	spiSD.c
diagnostics: 0	122	Compilation Started	spisd.h
diagnostics: 443	123	Compiled Successfully	sdcard.c
hint: 92	1164	Variable 'temp' has been eliminated by optimizer	sdcard.c
hint: 313	1164	Variable 'temp' has been eliminated by optimizer	sdcard.c
hint: 328	1164	Variable 'temp' has been eliminated by optimizer	sdcard.c
hint: 346	1164	Variable 'temp' has been eliminated by optimizer	sdcard.c
diagnostics: 0	127	All files Compiled in 266 ms	 
hint: 0	1144	Used RX (bytes): 32 (100%)   Free RX (bytes): 0 (0%)	Used RX (bytes): 32 (100%)   Free RX (bytes): 0 (0%)
hint: 0	1144	Static RAM (bytes): 8374   Dynamic RAM (bytes): 20298	Static RAM (bytes): 8374   Dynamic RAM (bytes): 20298
hint: 0	1144	Used ROM (bytes): 5228 (3%)  Free ROM (bytes): 170880 (97%)	Used ROM (bytes): 5228 (3%)  Free ROM (bytes): 170880 (97%)
diagnostics: 0	125	Project Linked Successfully	NodoAcelerometro.mcpds
diagnostics: 0	128	Linked in 265 ms	 
diagnostics: 0	129	Project 'NodoAcelerometro.mcpds' completed: 734 ms	 
diagnostics: 0	103	Finished successfully: 07 may. 2020, 20:42:40	NodoAcelerometro.mcpds
