0	1	mikroCdsPIC.exe -MSF -DBG -pP33EP256MC502 -DL -SSA -O11111114 -fo80 -N"C:\Users\milto\Milton\RSA\Git\Salud Estructural\SaludEstructuralCS\Firmware\Master\dsPIC502\Master.mcpds" -SP"C:\Users\Public\Documents\Mikroelektronika\mikroC PRO for dsPIC\defs\" -SP"C:\Users\Public\Documents\Mikroelektronika\mikroC PRO for dsPIC\uses\" -SP"C:\Users\milto\Milton\RSA\Git\Salud Estructural\SaludEstructuralCS\Firmware\Master\dsPIC502\" -SP"C:\Users\milto\Milton\RSA\Git\Salud Estructural\SaludEstructuralCS\Firmware\Master\" -SP"C:\Users\Ivan\Desktop\Milton Muñoz\Proyectos\Git\SaludEstructuralCS\Firmware\Master\" -IP"C:\Users\milto\Milton\RSA\Git\Salud Estructural\SaludEstructuralCS\Librerias firmware\" -IP"C:\Users\milto\Milton\RSA\Git\Salud Estructural\SaludEstructuralCS\Firmware\Librerias firmware\" "Master.c" "__Lib_Math.mcl" "__Lib_MathDouble.mcl" "__Lib_System.mcl" "__Lib_Delays.mcl" "__Lib_CType.mcl" "__Lib_CString.mcl" "__Lib_CStdlib.mcl" "__Lib_Conversions.mcl" "__Lib_SPI_12.mcl" "__Lib_UART_12_p24_p33.mcl"	 
warning: 0	1501	Specified search path does not exist: 'C:\Users\Ivan\Desktop\Milton Muñoz\Proyectos\Git\SaludEstructuralCS\Firmware\Master'	 
warning: 0	1502	Specified include path does not exist: 'C:\Users\milto\Milton\RSA\Git\Salud Estructural\SaludEstructuralCS\Librerias firmware'	 
diagnostics: 0	121	Loading...	 
diagnostics: 0	122	Compilation Started	tiempo_rtc.c
hint: 89	1163	Variable 'valueSet' has been declared, but not used	tiempo_rtc.c
hint: 0	1004	interrupt handler (spi_1 at 0x0028)	Master.c
hint: 0	1004	interrupt handler (int_1 at 0x003C)	Master.c
hint: 0	1004	interrupt handler (int_2 at 0x004E)	Master.c
hint: 0	1004	interrupt handler (Timer1Int at 0x001A)	Master.c
hint: 0	1004	interrupt handler (Timer2Int at 0x0022)	Master.c
hint: 0	1004	interrupt handler (urx_1 at 0x002A)	Master.c
hint: 0	1004	interrupt handler (urx_2 at 0x0050)	Master.c
diagnostics: 831	123	Compiled Successfully	Master.c
warning: 174	1519	Logical expression is always: 'False'	Master.c
hint: 77	1164	Variable 'value' has been eliminated by optimizer	Master.c
hint: 130	1164	Variable 'valueRead' has been eliminated by optimizer	Master.c
hint: 131	1164	Variable 'hora' has been eliminated by optimizer	Master.c
hint: 160	1164	Variable 'valueRead' has been eliminated by optimizer	Master.c
hint: 163	1164	Variable 'anio' has been eliminated by optimizer	Master.c
hint: 192	1164	Variable 'fechaInc' has been eliminated by optimizer	Master.c
hint: 65	1164	Variable 'fechaGPS' has been eliminated by optimizer	Master.c
hint: 96	1164	Variable 'horaGPS' has been eliminated by optimizer	Master.c
hint: 12	1164	Variable 'fechaRPi' has been eliminated by optimizer	Master.c
hint: 23	1164	Variable 'horaRPi' has been eliminated by optimizer	Master.c
hint: 22	1164	Variable 'ptrnumDatos' has been eliminated by optimizer	Master.c
diagnostics: 0	127	All files Compiled in 140 ms	 
hint: 0	1144	Used RX (bytes): 32 (100%)   Free RX (bytes): 0 (0%)	Used RX (bytes): 32 (100%)   Free RX (bytes): 0 (0%)
hint: 0	1144	Static RAM (bytes): 2971   Dynamic RAM (bytes): 25700	Static RAM (bytes): 2971   Dynamic RAM (bytes): 25700
hint: 0	1144	Used ROM (bytes): 7264 (4%)  Free ROM (bytes): 168844 (96%)	Used ROM (bytes): 7264 (4%)  Free ROM (bytes): 168844 (96%)
diagnostics: 0	125	Project Linked Successfully	Master.mcpds
diagnostics: 0	128	Linked in 203 ms	 
diagnostics: 0	129	Project 'Master.mcpds' completed: 500 ms	 
diagnostics: 0	103	Finished successfully: 10 nov. 2020, 19:29:43	Master.mcpds
